Jun 12, 2025 12:13:29 AM server.Server_1 main
INFO: Starting server on port 5555...
Jun 12, 2025 12:13:42 AM server.Server_1 main
INFO: New client connected: /127.0.0.1
Jun 12, 2025 12:13:49 AM server.Server_1 main
INFO: New client connected: /127.0.0.1
Jun 12, 2025 12:14:08 AM server.Server_1 broadcast
INFO: Broadcast: [2025-06-12 00:14] User ibrahim joined the chat.
Jun 12, 2025 12:15:01 AM server.Server_1 broadcast
INFO: Broadcast: [2025-06-12 00:15] User unknown left the chat.
Jun 12, 2025 12:15:01 AM server.Server_1 removeHandler
INFO: Removed client handler: unknown
Jun 12, 2025 12:15:01 AM server.Server_1 main
INFO: New client connected: /127.0.0.1
Jun 12, 2025 12:16:38 AM server.Server_1 broadcast
INFO: Broadcast: [2025-06-12 00:16] User mohamed joined the chat.
Jun 12, 2025 12:16:52 AM server.Server_1 broadcast
INFO: Broadcast: [2025-06-12 00:16] mohamed: Hi
Jun 12, 2025 12:16:59 AM server.Server_1 broadcast
INFO: Broadcast: [2025-06-12 00:16] ibrahim: Hello
Jun 12, 2025 12:18:19 AM server.Server_1 broadcast
INFO: Broadcast: [2025-06-12 00:18] User mohamed left the chat.
Jun 12, 2025 12:18:19 AM server.Server_1 removeHandler
INFO: Removed client handler: mohamed
Jun 12, 2025 12:18:24 AM server.Server_1 broadcast
INFO: Broadcast: [2025-06-12 00:18] User ibrahim left the chat.
Jun 12, 2025 12:18:24 AM server.Server_1 removeHandler
INFO: Removed client handler: ibrahim
